  [1m[35m (0.3ms)[0m  [1m[34mSELECT pg_try_advisory_lock(5353271487260153415)[0m
  [1m[35m (1.6ms)[0m  [1m[34mSELECT "schema_migrations"."version" FROM "schema_migrations" ORDER BY "schema_migrations"."version" ASC[0m
  [1m[36mActiveRecord::InternalMetadata Load (1.4ms)[0m  [1m[34mSELECT "ar_internal_metadata".* FROM "ar_internal_metadata" WHERE "ar_internal_metadata"."key" = $1 LIMIT $2[0m  [["key", "environment"], ["LIMIT", 1]]
  [1m[35m (0.3ms)[0m  [1m[34mSELECT pg_advisory_unlock(5353271487260153415)[0m
  [1m[35m (0.6ms)[0m  [1m[34mSELECT "schema_migrations"."version" FROM "schema_migrations" ORDER BY "schema_migrations"."version" ASC[0m
Started GET "/admins/sign_in" for ::1 at 2019-11-11 00:14:45 +0500
  [1m[35m (0.8ms)[0m  [1m[34mSELECT "schema_migrations"."version" FROM "schema_migrations" ORDER BY "schema_migrations"."version" ASC[0m
Processing by Devise::SessionsController#new as HTML
  Rendering /Users/abdullah007/.rvm/gems/ruby-2.6.1/gems/devise-4.7.1/app/views/devise/sessions/new.html.erb within layouts/application
  Rendered /Users/abdullah007/.rvm/gems/ruby-2.6.1/gems/devise-4.7.1/app/views/devise/shared/_links.html.erb (Duration: 0.9ms | Allocations: 546)
  Rendered /Users/abdullah007/.rvm/gems/ruby-2.6.1/gems/devise-4.7.1/app/views/devise/sessions/new.html.erb within layouts/application (Duration: 27.3ms | Allocations: 9362)
[Webpacker] Compiling…
[Webpacker] Compiled all packs in /Users/abdullah007/projects/development/event-management-api/public/packs
Completed 200 OK in 3782ms (Views: 3759.7ms | ActiveRecord: 3.5ms | Allocations: 36749)


Started POST "/admins/sign_in" for ::1 at 2019-11-11 00:14:50 +0500
Processing by Devise::SessionsController#create as HTML
  Parameters: {"authenticity_token"=>"FzcA5vP+21F770aPENCSDt8vIEnsON2yi8vtqJK+hKxieAKU4QcccJrVxcBOUOfO+gMpdmPwkxj5ZxXJ6rGn5w==", "admin"=>{"email"=>"admin@eventmanagement.com", "password"=>"[FILTERED]", "remember_me"=>"0"}, "commit"=>"Log in"}
  [1m[36mAdmin Load (1.4ms)[0m  [1m[34mSELECT "admins".* FROM "admins" WHERE "admins"."email" = $1 ORDER BY "admins"."id" ASC LIMIT $2[0m  [["email", "admin@eventmanagement.com"], ["LIMIT", 1]]
Redirected to http://localhost:3000/
Completed 302 Found in 134ms (ActiveRecord: 1.6ms | Allocations: 6641)


Started GET "/" for ::1 at 2019-11-11 00:14:50 +0500
Processing by Admins::DashboardController#index as HTML
  [1m[36mAdmin Load (0.2ms)[0m  [1m[34mSELECT "admins".* FROM "admins" WHERE "admins"."id" = $1 ORDER BY "admins"."id" ASC LIMIT $2[0m  [["id", 1], ["LIMIT", 1]]
  Rendering admins/dashboard/index.html.slim within layouts/application
  Rendered admins/dashboard/index.html.slim within layouts/application (Duration: 7.9ms | Allocations: 9422)
Completed 200 OK in 45ms (Views: 41.5ms | ActiveRecord: 0.2ms | Allocations: 15319)


Started DELETE "/admins/sign_out" for ::1 at 2019-11-11 00:14:52 +0500
Processing by Devise::SessionsController#destroy as HTML
  Parameters: {"authenticity_token"=>"m3e87pUGm8jsakidPWd2FzP9hSqt3E63jeVrboaTILQCrbt9bR4vEzQSzlNpO5EGwdx/+jYV0m4Qb4vE0wsnmA=="}
  [1m[36mAdmin Load (1.5ms)[0m  [1m[34mSELECT "admins".* FROM "admins" WHERE "admins"."id" = $1 ORDER BY "admins"."id" ASC LIMIT $2[0m  [["id", 1], ["LIMIT", 1]]
Redirected to http://localhost:3000/
Completed 302 Found in 11ms (ActiveRecord: 1.5ms | Allocations: 2851)


Started GET "/" for ::1 at 2019-11-11 00:14:52 +0500
Processing by Admins::DashboardController#index as HTML
Completed 401 Unauthorized in 2ms (ActiveRecord: 0.0ms | Allocations: 292)


Started GET "/admins/sign_in" for ::1 at 2019-11-11 00:14:52 +0500
Processing by Devise::SessionsController#new as HTML
  Rendering /Users/abdullah007/.rvm/gems/ruby-2.6.1/gems/devise-4.7.1/app/views/devise/sessions/new.html.erb within layouts/application
  Rendered /Users/abdullah007/.rvm/gems/ruby-2.6.1/gems/devise-4.7.1/app/views/devise/shared/_links.html.erb (Duration: 0.1ms | Allocations: 77)
  Rendered /Users/abdullah007/.rvm/gems/ruby-2.6.1/gems/devise-4.7.1/app/views/devise/sessions/new.html.erb within layouts/application (Duration: 1.6ms | Allocations: 1024)
Completed 200 OK in 14ms (Views: 12.8ms | ActiveRecord: 0.0ms | Allocations: 5035)


